{"C:\\Users\\jojjerg\\Desktop\\mindbox-test\\react-ts\\src\\App.tsx": {"path":"C:\\Users\\jojjerg\\Desktop\\mindbox-test\\react-ts\\src\\App.tsx","statementMap":{"0":{"start":{"line":7,"column":12},"end":{"line":35,"column":1}},"1":{"start":{"line":16,"column":6},"end":{"line":16,"column":22}},"2":{"start":{"line":18,"column":2},"end":{"line":20,"column":9}},"3":{"start":{"line":19,"column":4},"end":{"line":19,"column":15}},"4":{"start":{"line":22,"column":2},"end":{"line":34,"column":4}}},"fnMap":{"0":{"name":"(anonymous_0)","decl":{"start":{"line":7,"column":12},"end":{"line":7,"column":13}},"loc":{"start":{"line":7,"column":18},"end":{"line":35,"column":1}},"line":7},"1":{"name":"(anonymous_1)","decl":{"start":{"line":18,"column":12},"end":{"line":18,"column":13}},"loc":{"start":{"line":18,"column":18},"end":{"line":20,"column":3}},"line":18}},"branchMap":{},"s":{"0":1,"1":2,"2":2,"3":2,"4":2},"f":{"0":2,"1":2},"b":{},"_coverageSchema":"1a1c01bbd47fc00a2c39e90264f33305004495a9","hash":"f4b84b941cc83dd1f5e5da06576aa26d6ada05bc"}
,"C:\\Users\\jojjerg\\Desktop\\mindbox-test\\react-ts\\src\\components\\AddTodo\\AddTodo.tsx": {"path":"C:\\Users\\jojjerg\\Desktop\\mindbox-test\\react-ts\\src\\components\\AddTodo\\AddTodo.tsx","statementMap":{"0":{"start":{"line":3,"column":16},"end":{"line":42,"column":1}},"1":{"start":{"line":4,"column":34},"end":{"line":4,"column":54}},"2":{"start":{"line":5,"column":19},"end":{"line":5,"column":49}},"3":{"start":{"line":7,"column":21},"end":{"line":10,"column":3}},"4":{"start":{"line":8,"column":18},"end":{"line":8,"column":32}},"5":{"start":{"line":9,"column":4},"end":{"line":9,"column":23}},"6":{"start":{"line":12,"column":23},"end":{"line":16,"column":3}},"7":{"start":{"line":13,"column":4},"end":{"line":13,"column":23}},"8":{"start":{"line":14,"column":4},"end":{"line":14,"column":26}},"9":{"start":{"line":14,"column":19},"end":{"line":14,"column":26}},"10":{"start":{"line":15,"column":4},"end":{"line":15,"column":22}},"11":{"start":{"line":18,"column":2},"end":{"line":41,"column":4}},"12":{"start":{"line":21,"column":23},"end":{"line":21,"column":48}},"13":{"start":{"line":30,"column":25},"end":{"line":30,"column":38}}},"fnMap":{"0":{"name":"(anonymous_0)","decl":{"start":{"line":3,"column":16},"end":{"line":3,"column":17}},"loc":{"start":{"line":3,"column":71},"end":{"line":42,"column":1}},"line":3},"1":{"name":"(anonymous_1)","decl":{"start":{"line":7,"column":21},"end":{"line":7,"column":22}},"loc":{"start":{"line":7,"column":59},"end":{"line":10,"column":3}},"line":7},"2":{"name":"(anonymous_2)","decl":{"start":{"line":12,"column":23},"end":{"line":12,"column":24}},"loc":{"start":{"line":12,"column":71},"end":{"line":16,"column":3}},"line":12},"3":{"name":"(anonymous_3)","decl":{"start":{"line":21,"column":16},"end":{"line":21,"column":17}},"loc":{"start":{"line":21,"column":23},"end":{"line":21,"column":48}},"line":21},"4":{"name":"(anonymous_4)","decl":{"start":{"line":30,"column":18},"end":{"line":30,"column":19}},"loc":{"start":{"line":30,"column":25},"end":{"line":30,"column":38}},"line":30}},"branchMap":{"0":{"loc":{"start":{"line":14,"column":4},"end":{"line":14,"column":26}},"type":"if","locations":[{"start":{"line":14,"column":4},"end":{"line":14,"column":26}},{"start":{},"end":{}}],"line":14}},"s":{"0":3,"1":7,"2":7,"3":7,"4":1,"5":1,"6":7,"7":1,"8":1,"9":0,"10":1,"11":7,"12":1,"13":1},"f":{"0":7,"1":1,"2":1,"3":1,"4":1},"b":{"0":[0,1]},"_coverageSchema":"1a1c01bbd47fc00a2c39e90264f33305004495a9","hash":"021ae4f91bd4f9629a3c679be87209f6c792dac5"}
,"C:\\Users\\jojjerg\\Desktop\\mindbox-test\\react-ts\\src\\components\\CompletedSign\\CompletedSign.tsx": {"path":"C:\\Users\\jojjerg\\Desktop\\mindbox-test\\react-ts\\src\\components\\CompletedSign\\CompletedSign.tsx","statementMap":{"0":{"start":{"line":4,"column":22},"end":{"line":16,"column":1}},"1":{"start":{"line":5,"column":2},"end":{"line":15,"column":4}}},"fnMap":{"0":{"name":"(anonymous_0)","decl":{"start":{"line":4,"column":22},"end":{"line":4,"column":23}},"loc":{"start":{"line":4,"column":28},"end":{"line":16,"column":1}},"line":4}},"branchMap":{},"s":{"0":5,"1":21},"f":{"0":21},"b":{},"_coverageSchema":"1a1c01bbd47fc00a2c39e90264f33305004495a9","hash":"cc7eeb069878c096ff4098aeba60aac81d10b62d"}
,"C:\\Users\\jojjerg\\Desktop\\mindbox-test\\react-ts\\src\\components\\DeleteCompletedTodosButton\\DeleteCompletedTodosButton.tsx": {"path":"C:\\Users\\jojjerg\\Desktop\\mindbox-test\\react-ts\\src\\components\\DeleteCompletedTodosButton\\DeleteCompletedTodosButton.tsx","statementMap":{"0":{"start":{"line":3,"column":35},"end":{"line":9,"column":1}},"1":{"start":{"line":4,"column":2},"end":{"line":8,"column":3}}},"fnMap":{"0":{"name":"(anonymous_0)","decl":{"start":{"line":3,"column":35},"end":{"line":3,"column":36}},"loc":{"start":{"line":3,"column":103},"end":{"line":9,"column":1}},"line":3}},"branchMap":{},"s":{"0":4,"1":3},"f":{"0":3},"b":{},"_coverageSchema":"1a1c01bbd47fc00a2c39e90264f33305004495a9","hash":"5141138c419373b1893d5535aa014f359e81357f"}
,"C:\\Users\\jojjerg\\Desktop\\mindbox-test\\react-ts\\src\\components\\Filters\\Filters.tsx": {"path":"C:\\Users\\jojjerg\\Desktop\\mindbox-test\\react-ts\\src\\components\\Filters\\Filters.tsx","statementMap":{"0":{"start":{"line":4,"column":16},"end":{"line":30,"column":1}},"1":{"start":{"line":5,"column":2},"end":{"line":29,"column":4}},"2":{"start":{"line":9,"column":23},"end":{"line":9,"column":42}},"3":{"start":{"line":16,"column":23},"end":{"line":16,"column":45}},"4":{"start":{"line":23,"column":23},"end":{"line":23,"column":48}}},"fnMap":{"0":{"name":"(anonymous_0)","decl":{"start":{"line":4,"column":16},"end":{"line":4,"column":17}},"loc":{"start":{"line":4,"column":83},"end":{"line":30,"column":1}},"line":4},"1":{"name":"(anonymous_1)","decl":{"start":{"line":9,"column":17},"end":{"line":9,"column":18}},"loc":{"start":{"line":9,"column":23},"end":{"line":9,"column":42}},"line":9},"2":{"name":"(anonymous_2)","decl":{"start":{"line":16,"column":17},"end":{"line":16,"column":18}},"loc":{"start":{"line":16,"column":23},"end":{"line":16,"column":45}},"line":16},"3":{"name":"(anonymous_3)","decl":{"start":{"line":23,"column":17},"end":{"line":23,"column":18}},"loc":{"start":{"line":23,"column":23},"end":{"line":23,"column":48}},"line":23}},"branchMap":{},"s":{"0":4,"1":4,"2":1,"3":1,"4":1},"f":{"0":4,"1":1,"2":1,"3":1},"b":{},"_coverageSchema":"1a1c01bbd47fc00a2c39e90264f33305004495a9","hash":"89c0157e09122b7d7ec2e3b3406e11476c70d796"}
,"C:\\Users\\jojjerg\\Desktop\\mindbox-test\\react-ts\\src\\components\\Header\\Header.tsx": {"path":"C:\\Users\\jojjerg\\Desktop\\mindbox-test\\react-ts\\src\\components\\Header\\Header.tsx","statementMap":{"0":{"start":{"line":3,"column":15},"end":{"line":14,"column":1}},"1":{"start":{"line":4,"column":2},"end":{"line":13,"column":4}}},"fnMap":{"0":{"name":"(anonymous_0)","decl":{"start":{"line":3,"column":15},"end":{"line":3,"column":16}},"loc":{"start":{"line":3,"column":21},"end":{"line":14,"column":1}},"line":3}},"branchMap":{},"s":{"0":2,"1":4},"f":{"0":4},"b":{},"_coverageSchema":"1a1c01bbd47fc00a2c39e90264f33305004495a9","hash":"0c966828c7ed30f7d9edc7685855abd1ae257b25"}
,"C:\\Users\\jojjerg\\Desktop\\mindbox-test\\react-ts\\src\\components\\RemainingTodos\\RemainingTodos.tsx": {"path":"C:\\Users\\jojjerg\\Desktop\\mindbox-test\\react-ts\\src\\components\\RemainingTodos\\RemainingTodos.tsx","statementMap":{"0":{"start":{"line":4,"column":23},"end":{"line":12,"column":1}},"1":{"start":{"line":5,"column":20},"end":{"line":5,"column":80}},"2":{"start":{"line":5,"column":51},"end":{"line":5,"column":66}},"3":{"start":{"line":7,"column":2},"end":{"line":11,"column":4}}},"fnMap":{"0":{"name":"(anonymous_0)","decl":{"start":{"line":4,"column":23},"end":{"line":4,"column":24}},"loc":{"start":{"line":4,"column":57},"end":{"line":12,"column":1}},"line":4},"1":{"name":"(anonymous_1)","decl":{"start":{"line":5,"column":41},"end":{"line":5,"column":42}},"loc":{"start":{"line":5,"column":51},"end":{"line":5,"column":66}},"line":5}},"branchMap":{"0":{"loc":{"start":{"line":5,"column":20},"end":{"line":5,"column":80}},"type":"cond-expr","locations":[{"start":{"line":5,"column":28},"end":{"line":5,"column":74}},{"start":{"line":5,"column":77},"end":{"line":5,"column":80}}],"line":5}},"s":{"0":4,"1":4,"2":4,"3":4},"f":{"0":4,"1":4},"b":{"0":[4,0]},"_coverageSchema":"1a1c01bbd47fc00a2c39e90264f33305004495a9","hash":"b2fc44159a8ddcd9fa594755d307e06ae4a9603e"}
,"C:\\Users\\jojjerg\\Desktop\\mindbox-test\\react-ts\\src\\components\\Todo\\Todo.tsx": {"path":"C:\\Users\\jojjerg\\Desktop\\mindbox-test\\react-ts\\src\\components\\Todo\\Todo.tsx","statementMap":{"0":{"start":{"line":9,"column":34},"end":{"line":48,"column":1}},"1":{"start":{"line":10,"column":2},"end":{"line":47,"column":4}},"2":{"start":{"line":39,"column":25},"end":{"line":39,"column":39}}},"fnMap":{"0":{"name":"(anonymous_0)","decl":{"start":{"line":9,"column":34},"end":{"line":9,"column":35}},"loc":{"start":{"line":9,"column":76},"end":{"line":48,"column":1}},"line":9},"1":{"name":"(anonymous_1)","decl":{"start":{"line":39,"column":19},"end":{"line":39,"column":20}},"loc":{"start":{"line":39,"column":25},"end":{"line":39,"column":39}},"line":39}},"branchMap":{"0":{"loc":{"start":{"line":16,"column":55},"end":{"line":16,"column":72}},"type":"cond-expr","locations":[{"start":{"line":16,"column":67},"end":{"line":16,"column":68}},{"start":{"line":16,"column":71},"end":{"line":16,"column":72}}],"line":16},"1":{"loc":{"start":{"line":24,"column":34},"end":{"line":24,"column":69}},"type":"cond-expr","locations":[{"start":{"line":24,"column":46},"end":{"line":24,"column":60}},{"start":{"line":24,"column":63},"end":{"line":24,"column":69}}],"line":24},"2":{"loc":{"start":{"line":25,"column":21},"end":{"line":25,"column":52}},"type":"cond-expr","locations":[{"start":{"line":25,"column":33},"end":{"line":25,"column":42}},{"start":{"line":25,"column":45},"end":{"line":25,"column":52}}],"line":25},"3":{"loc":{"start":{"line":37,"column":24},"end":{"line":37,"column":57}},"type":"cond-expr","locations":[{"start":{"line":37,"column":36},"end":{"line":37,"column":45}},{"start":{"line":37,"column":48},"end":{"line":37,"column":57}}],"line":37},"4":{"loc":{"start":{"line":42,"column":13},"end":{"line":42,"column":49}},"type":"cond-expr","locations":[{"start":{"line":42,"column":25},"end":{"line":42,"column":35}},{"start":{"line":42,"column":38},"end":{"line":42,"column":49}}],"line":42}},"s":{"0":4,"1":21,"2":1},"f":{"0":21,"1":1},"b":{"0":[9,12],"1":[9,12],"2":[9,12],"3":[9,12],"4":[9,12]},"_coverageSchema":"1a1c01bbd47fc00a2c39e90264f33305004495a9","hash":"a9ccb1c282abdceee43c99a30d528fdf5ab4524e"}
,"C:\\Users\\jojjerg\\Desktop\\mindbox-test\\react-ts\\src\\components\\TodosCard\\TodosCard.tsx": {"path":"C:\\Users\\jojjerg\\Desktop\\mindbox-test\\react-ts\\src\\components\\TodosCard\\TodosCard.tsx","statementMap":{"0":{"start":{"line":17,"column":39},"end":{"line":32,"column":1}},"1":{"start":{"line":25,"column":2},"end":{"line":31,"column":4}}},"fnMap":{"0":{"name":"(anonymous_0)","decl":{"start":{"line":17,"column":39},"end":{"line":17,"column":40}},"loc":{"start":{"line":24,"column":6},"end":{"line":32,"column":1}},"line":24}},"branchMap":{},"s":{"0":2,"1":3},"f":{"0":3},"b":{},"_coverageSchema":"1a1c01bbd47fc00a2c39e90264f33305004495a9","hash":"a20a7d8f157125908f1f4943da43bfeb1dc0d2c4"}
,"C:\\Users\\jojjerg\\Desktop\\mindbox-test\\react-ts\\src\\components\\TodosFilter\\TodosFilter.tsx": {"path":"C:\\Users\\jojjerg\\Desktop\\mindbox-test\\react-ts\\src\\components\\TodosFilter\\TodosFilter.tsx","statementMap":{"0":{"start":{"line":14,"column":48},"end":{"line":22,"column":1}},"1":{"start":{"line":15,"column":2},"end":{"line":21,"column":4}}},"fnMap":{"0":{"name":"(anonymous_0)","decl":{"start":{"line":14,"column":48},"end":{"line":14,"column":49}},"loc":{"start":{"line":14,"column":99},"end":{"line":22,"column":1}},"line":14}},"branchMap":{},"s":{"0":3,"1":3},"f":{"0":3},"b":{},"_coverageSchema":"1a1c01bbd47fc00a2c39e90264f33305004495a9","hash":"d9a6cac4f438c47088a9714dcc017402bc919569"}
,"C:\\Users\\jojjerg\\Desktop\\mindbox-test\\react-ts\\src\\components\\TodosList\\TodosList.tsx": {"path":"C:\\Users\\jojjerg\\Desktop\\mindbox-test\\react-ts\\src\\components\\TodosList\\TodosList.tsx","statementMap":{"0":{"start":{"line":11,"column":39},"end":{"line":70,"column":1}},"1":{"start":{"line":13,"column":4},"end":{"line":23,"column":6}},"2":{"start":{"line":15,"column":6},"end":{"line":22,"column":8}},"3":{"start":{"line":26,"column":4},"end":{"line":38,"column":8}},"4":{"start":{"line":28,"column":31},"end":{"line":28,"column":45}},"5":{"start":{"line":30,"column":8},"end":{"line":37,"column":10}},"6":{"start":{"line":41,"column":4},"end":{"line":53,"column":8}},"7":{"start":{"line":43,"column":31},"end":{"line":43,"column":46}},"8":{"start":{"line":45,"column":8},"end":{"line":52,"column":10}},"9":{"start":{"line":55,"column":2},"end":{"line":69,"column":4}}},"fnMap":{"0":{"name":"(anonymous_0)","decl":{"start":{"line":11,"column":39},"end":{"line":11,"column":40}},"loc":{"start":{"line":11,"column":74},"end":{"line":70,"column":1}},"line":11},"1":{"name":"(anonymous_1)","decl":{"start":{"line":14,"column":14},"end":{"line":14,"column":15}},"loc":{"start":{"line":15,"column":6},"end":{"line":22,"column":8}},"line":15},"2":{"name":"(anonymous_2)","decl":{"start":{"line":28,"column":14},"end":{"line":28,"column":15}},"loc":{"start":{"line":28,"column":31},"end":{"line":28,"column":45}},"line":28},"3":{"name":"(anonymous_3)","decl":{"start":{"line":29,"column":11},"end":{"line":29,"column":12}},"loc":{"start":{"line":30,"column":8},"end":{"line":37,"column":10}},"line":30},"4":{"name":"(anonymous_4)","decl":{"start":{"line":43,"column":14},"end":{"line":43,"column":15}},"loc":{"start":{"line":43,"column":31},"end":{"line":43,"column":46}},"line":43},"5":{"name":"(anonymous_5)","decl":{"start":{"line":44,"column":11},"end":{"line":44,"column":12}},"loc":{"start":{"line":45,"column":8},"end":{"line":52,"column":10}},"line":45}},"branchMap":{"0":{"loc":{"start":{"line":13,"column":4},"end":{"line":23,"column":6}},"type":"binary-expr","locations":[{"start":{"line":13,"column":4},"end":{"line":13,"column":20}},{"start":{"line":14,"column":4},"end":{"line":23,"column":6}}],"line":13},"1":{"loc":{"start":{"line":26,"column":4},"end":{"line":38,"column":8}},"type":"binary-expr","locations":[{"start":{"line":26,"column":4},"end":{"line":26,"column":26}},{"start":{"line":27,"column":4},"end":{"line":38,"column":8}}],"line":26},"2":{"loc":{"start":{"line":41,"column":4},"end":{"line":53,"column":8}},"type":"binary-expr","locations":[{"start":{"line":41,"column":4},"end":{"line":41,"column":23}},{"start":{"line":42,"column":4},"end":{"line":53,"column":8}}],"line":41},"3":{"loc":{"start":{"line":57,"column":7},"end":{"line":67,"column":7}},"type":"cond-expr","locations":[{"start":{"line":58,"column":8},"end":{"line":58,"column":26}},{"start":{"line":60,"column":8},"end":{"line":66,"column":11}}],"line":57}},"s":{"0":3,"1":6,"2":16,"3":6,"4":8,"5":2,"6":6,"7":8,"8":6,"9":6},"f":{"0":6,"1":16,"2":8,"3":2,"4":8,"5":6},"b":{"0":[6,4],"1":[6,1],"2":[6,1],"3":[2,4]},"_coverageSchema":"1a1c01bbd47fc00a2c39e90264f33305004495a9","hash":"eea32d41a95f69480c82be7a400b81fb44e4bed0"}
,"C:\\Users\\jojjerg\\Desktop\\mindbox-test\\react-ts\\src\\context\\TodoContext.tsx": {"path":"C:\\Users\\jojjerg\\Desktop\\mindbox-test\\react-ts\\src\\context\\TodoContext.tsx","statementMap":{"0":{"start":{"line":7,"column":27},"end":{"line":7,"column":70}},"1":{"start":{"line":9,"column":12},"end":{"line":9,"column":66}},"2":{"start":{"line":11,"column":21},"end":{"line":70,"column":1}},"3":{"start":{"line":12,"column":28},"end":{"line":12,"column":66}},"4":{"start":{"line":13,"column":30},"end":{"line":13,"column":72}},"5":{"start":{"line":15,"column":19},"end":{"line":23,"column":3}},"6":{"start":{"line":16,"column":4},"end":{"line":22,"column":5}},"7":{"start":{"line":17,"column":6},"end":{"line":19,"column":42}},"8":{"start":{"line":18,"column":28},"end":{"line":18,"column":43}},"9":{"start":{"line":19,"column":25},"end":{"line":19,"column":40}},"10":{"start":{"line":21,"column":6},"end":{"line":21,"column":27}},"11":{"start":{"line":25,"column":18},"end":{"line":34,"column":3}},"12":{"start":{"line":26,"column":27},"end":{"line":31,"column":5}},"13":{"start":{"line":33,"column":4},"end":{"line":33,"column":34}},"14":{"start":{"line":36,"column":21},"end":{"line":47,"column":3}},"15":{"start":{"line":37,"column":4},"end":{"line":46,"column":7}},"16":{"start":{"line":38,"column":6},"end":{"line":45,"column":7}},"17":{"start":{"line":39,"column":8},"end":{"line":43,"column":9}},"18":{"start":{"line":40,"column":10},"end":{"line":40,"column":33}},"19":{"start":{"line":42,"column":10},"end":{"line":42,"column":32}},"20":{"start":{"line":44,"column":8},"end":{"line":44,"column":29}},"21":{"start":{"line":49,"column":31},"end":{"line":51,"column":3}},"22":{"start":{"line":50,"column":4},"end":{"line":50,"column":61}},"23":{"start":{"line":50,"column":43},"end":{"line":50,"column":58}},"24":{"start":{"line":53,"column":23},"end":{"line":55,"column":3}},"25":{"start":{"line":54,"column":4},"end":{"line":54,"column":22}},"26":{"start":{"line":57,"column":23},"end":{"line":65,"column":3}},"27":{"start":{"line":67,"column":2},"end":{"line":69,"column":4}},"28":{"start":{"line":72,"column":30},"end":{"line":78,"column":1}},"29":{"start":{"line":73,"column":18},"end":{"line":73,"column":41}},"30":{"start":{"line":75,"column":2},"end":{"line":75,"column":85}},"31":{"start":{"line":75,"column":15},"end":{"line":75,"column":85}},"32":{"start":{"line":77,"column":2},"end":{"line":77,"column":16}}},"fnMap":{"0":{"name":"(anonymous_0)","decl":{"start":{"line":11,"column":21},"end":{"line":11,"column":22}},"loc":{"start":{"line":11,"column":62},"end":{"line":70,"column":1}},"line":11},"1":{"name":"(anonymous_1)","decl":{"start":{"line":15,"column":19},"end":{"line":15,"column":20}},"loc":{"start":{"line":15,"column":25},"end":{"line":23,"column":3}},"line":15},"2":{"name":"(anonymous_2)","decl":{"start":{"line":18,"column":14},"end":{"line":18,"column":15}},"loc":{"start":{"line":18,"column":28},"end":{"line":18,"column":43}},"line":18},"3":{"name":"(anonymous_3)","decl":{"start":{"line":19,"column":14},"end":{"line":19,"column":15}},"loc":{"start":{"line":19,"column":25},"end":{"line":19,"column":40}},"line":19},"4":{"name":"(anonymous_4)","decl":{"start":{"line":25,"column":18},"end":{"line":25,"column":19}},"loc":{"start":{"line":25,"column":37},"end":{"line":34,"column":3}},"line":25},"5":{"name":"(anonymous_5)","decl":{"start":{"line":36,"column":21},"end":{"line":36,"column":22}},"loc":{"start":{"line":36,"column":37},"end":{"line":47,"column":3}},"line":36},"6":{"name":"(anonymous_6)","decl":{"start":{"line":37,"column":17},"end":{"line":37,"column":18}},"loc":{"start":{"line":37,"column":34},"end":{"line":46,"column":5}},"line":37},"7":{"name":"(anonymous_7)","decl":{"start":{"line":49,"column":31},"end":{"line":49,"column":32}},"loc":{"start":{"line":49,"column":37},"end":{"line":51,"column":3}},"line":49},"8":{"name":"(anonymous_8)","decl":{"start":{"line":50,"column":26},"end":{"line":50,"column":27}},"loc":{"start":{"line":50,"column":43},"end":{"line":50,"column":58}},"line":50},"9":{"name":"(anonymous_9)","decl":{"start":{"line":53,"column":23},"end":{"line":53,"column":24}},"loc":{"start":{"line":53,"column":62},"end":{"line":55,"column":3}},"line":53},"10":{"name":"(anonymous_10)","decl":{"start":{"line":72,"column":30},"end":{"line":72,"column":31}},"loc":{"start":{"line":72,"column":36},"end":{"line":78,"column":1}},"line":72}},"branchMap":{"0":{"loc":{"start":{"line":38,"column":6},"end":{"line":45,"column":7}},"type":"if","locations":[{"start":{"line":38,"column":6},"end":{"line":45,"column":7}},{"start":{},"end":{}}],"line":38},"1":{"loc":{"start":{"line":39,"column":8},"end":{"line":43,"column":9}},"type":"if","locations":[{"start":{"line":39,"column":8},"end":{"line":43,"column":9}},{"start":{"line":41,"column":15},"end":{"line":43,"column":9}}],"line":39},"2":{"loc":{"start":{"line":75,"column":2},"end":{"line":75,"column":85}},"type":"if","locations":[{"start":{"line":75,"column":2},"end":{"line":75,"column":85}},{"start":{},"end":{}}],"line":75}},"s":{"0":1,"1":1,"2":1,"3":3,"4":3,"5":3,"6":2,"7":2,"8":0,"9":0,"10":0,"11":3,"12":0,"13":0,"14":3,"15":0,"16":0,"17":0,"18":0,"19":0,"20":0,"21":3,"22":0,"23":0,"24":3,"25":0,"26":3,"27":3,"28":1,"29":2,"30":2,"31":0,"32":2},"f":{"0":3,"1":2,"2":0,"3":0,"4":0,"5":0,"6":0,"7":0,"8":0,"9":0,"10":2},"b":{"0":[0,0],"1":[0,0],"2":[0,2]},"_coverageSchema":"1a1c01bbd47fc00a2c39e90264f33305004495a9","hash":"827e216dbda0107e9ec5398d5c209ffb959449a5"}
}
