TN:
SF:src\App.tsx
FN:7,(anonymous_0)
FN:18,(anonymous_1)
FNF:2
FNH:2
FNDA:2,(anonymous_0)
FNDA:2,(anonymous_1)
DA:7,1
DA:16,2
DA:18,2
DA:19,2
DA:22,2
LF:5
LH:5
BRF:0
BRH:0
end_of_record
TN:
SF:src\components\AddTodo\AddTodo.tsx
FN:3,(anonymous_0)
FN:7,(anonymous_1)
FN:12,(anonymous_2)
FN:21,(anonymous_3)
FN:30,(anonymous_4)
FNF:5
FNH:5
FNDA:7,(anonymous_0)
FNDA:1,(anonymous_1)
FNDA:1,(anonymous_2)
FNDA:1,(anonymous_3)
FNDA:1,(anonymous_4)
DA:3,3
DA:4,7
DA:5,7
DA:7,7
DA:8,1
DA:9,1
DA:12,7
DA:13,1
DA:14,1
DA:15,1
DA:18,7
DA:21,1
DA:30,1
LF:13
LH:13
BRDA:14,0,0,0
BRDA:14,0,1,1
BRF:2
BRH:1
end_of_record
TN:
SF:src\components\CompletedSign\CompletedSign.tsx
FN:4,(anonymous_0)
FNF:1
FNH:1
FNDA:21,(anonymous_0)
DA:4,5
DA:5,21
LF:2
LH:2
BRF:0
BRH:0
end_of_record
TN:
SF:src\components\DeleteCompletedTodosButton\DeleteCompletedTodosButton.tsx
FN:3,(anonymous_0)
FNF:1
FNH:1
FNDA:3,(anonymous_0)
DA:3,4
DA:4,3
LF:2
LH:2
BRF:0
BRH:0
end_of_record
TN:
SF:src\components\Filters\Filters.tsx
FN:4,(anonymous_0)
FN:9,(anonymous_1)
FN:16,(anonymous_2)
FN:23,(anonymous_3)
FNF:4
FNH:4
FNDA:4,(anonymous_0)
FNDA:1,(anonymous_1)
FNDA:1,(anonymous_2)
FNDA:1,(anonymous_3)
DA:4,4
DA:5,4
DA:9,1
DA:16,1
DA:23,1
LF:5
LH:5
BRF:0
BRH:0
end_of_record
TN:
SF:src\components\Header\Header.tsx
FN:3,(anonymous_0)
FNF:1
FNH:1
FNDA:4,(anonymous_0)
DA:3,2
DA:4,4
LF:2
LH:2
BRF:0
BRH:0
end_of_record
TN:
SF:src\components\RemainingTodos\RemainingTodos.tsx
FN:4,(anonymous_0)
FN:5,(anonymous_1)
FNF:2
FNH:2
FNDA:4,(anonymous_0)
FNDA:4,(anonymous_1)
DA:4,4
DA:5,4
DA:7,4
LF:3
LH:3
BRDA:5,0,0,4
BRDA:5,0,1,0
BRF:2
BRH:1
end_of_record
TN:
SF:src\components\Todo\Todo.tsx
FN:9,(anonymous_0)
FN:39,(anonymous_1)
FNF:2
FNH:2
FNDA:21,(anonymous_0)
FNDA:1,(anonymous_1)
DA:9,4
DA:10,21
DA:39,1
LF:3
LH:3
BRDA:16,0,0,9
BRDA:16,0,1,12
BRDA:24,1,0,9
BRDA:24,1,1,12
BRDA:25,2,0,9
BRDA:25,2,1,12
BRDA:37,3,0,9
BRDA:37,3,1,12
BRDA:42,4,0,9
BRDA:42,4,1,12
BRF:10
BRH:10
end_of_record
TN:
SF:src\components\TodosCard\TodosCard.tsx
FN:17,(anonymous_0)
FNF:1
FNH:1
FNDA:3,(anonymous_0)
DA:17,2
DA:25,3
LF:2
LH:2
BRF:0
BRH:0
end_of_record
TN:
SF:src\components\TodosFilter\TodosFilter.tsx
FN:14,(anonymous_0)
FNF:1
FNH:1
FNDA:3,(anonymous_0)
DA:14,3
DA:15,3
LF:2
LH:2
BRF:0
BRH:0
end_of_record
TN:
SF:src\components\TodosList\TodosList.tsx
FN:11,(anonymous_0)
FN:14,(anonymous_1)
FN:28,(anonymous_2)
FN:29,(anonymous_3)
FN:43,(anonymous_4)
FN:44,(anonymous_5)
FNF:6
FNH:6
FNDA:6,(anonymous_0)
FNDA:16,(anonymous_1)
FNDA:8,(anonymous_2)
FNDA:2,(anonymous_3)
FNDA:8,(anonymous_4)
FNDA:6,(anonymous_5)
DA:11,3
DA:13,6
DA:15,16
DA:26,6
DA:28,8
DA:30,2
DA:41,6
DA:43,8
DA:45,6
DA:55,6
LF:10
LH:10
BRDA:13,0,0,6
BRDA:13,0,1,4
BRDA:26,1,0,6
BRDA:26,1,1,1
BRDA:41,2,0,6
BRDA:41,2,1,1
BRDA:57,3,0,2
BRDA:57,3,1,4
BRF:8
BRH:8
end_of_record
TN:
SF:src\context\TodoContext.tsx
FN:11,(anonymous_0)
FN:15,(anonymous_1)
FN:18,(anonymous_2)
FN:19,(anonymous_3)
FN:25,(anonymous_4)
FN:36,(anonymous_5)
FN:37,(anonymous_6)
FN:49,(anonymous_7)
FN:50,(anonymous_8)
FN:53,(anonymous_9)
FN:72,(anonymous_10)
FNF:11
FNH:3
FNDA:3,(anonymous_0)
FNDA:2,(anonymous_1)
FNDA:0,(anonymous_2)
FNDA:0,(anonymous_3)
FNDA:0,(anonymous_4)
FNDA:0,(anonymous_5)
FNDA:0,(anonymous_6)
FNDA:0,(anonymous_7)
FNDA:0,(anonymous_8)
FNDA:0,(anonymous_9)
FNDA:2,(anonymous_10)
DA:7,1
DA:9,1
DA:11,1
DA:12,3
DA:13,3
DA:15,3
DA:16,2
DA:17,2
DA:18,0
DA:19,0
DA:21,0
DA:25,3
DA:26,0
DA:33,0
DA:36,3
DA:37,0
DA:38,0
DA:39,0
DA:40,0
DA:42,0
DA:44,0
DA:49,3
DA:50,0
DA:53,3
DA:54,0
DA:57,3
DA:67,3
DA:72,1
DA:73,2
DA:75,2
DA:77,2
LF:31
LH:18
BRDA:38,0,0,0
BRDA:38,0,1,0
BRDA:39,1,0,0
BRDA:39,1,1,0
BRDA:75,2,0,0
BRDA:75,2,1,2
BRF:6
BRH:1
end_of_record
